  StdAfx.cpp
  _WIN32_WINNT not defined. Defaulting to _WIN32_WINNT_MAXVER (see WinSDKVer.h)
  ZipArchive.cpp
c:\users\kzorluoglu\clionprojects\knightonline-1068\client source code\launcher\ziparchive\ziparchive.cpp(582): warning C4996: '_splitpath': This function or variable may be unsafe. Consider using _splitpath_s instead. To disable deprecation, use _CRT_SECURE_NO_WARNINGS. See online help for details.
  c:\program files (x86)\windows kits\10\include\10.0.10240.0\ucrt\stdlib.h(1096): note: see declaration of '_splitpath'
c:\users\kzorluoglu\clionprojects\knightonline-1068\client source code\launcher\ziparchive\ziparchive.cpp(589): warning C4996: '_splitpath': This function or variable may be unsafe. Consider using _splitpath_s instead. To disable deprecation, use _CRT_SECURE_NO_WARNINGS. See online help for details.
  c:\program files (x86)\windows kits\10\include\10.0.10240.0\ucrt\stdlib.h(1096): note: see declaration of '_splitpath'
c:\users\kzorluoglu\clionprojects\knightonline-1068\client source code\launcher\ziparchive\ziparchive.cpp(596): warning C4996: '_splitpath': This function or variable may be unsafe. Consider using _splitpath_s instead. To disable deprecation, use _CRT_SECURE_NO_WARNINGS. See online help for details.
  c:\program files (x86)\windows kits\10\include\10.0.10240.0\ucrt\stdlib.h(1096): note: see declaration of '_splitpath'
c:\users\kzorluoglu\clionprojects\knightonline-1068\client source code\launcher\ziparchive\ziparchive.cpp(605): warning C4996: '_splitpath': This function or variable may be unsafe. Consider using _splitpath_s instead. To disable deprecation, use _CRT_SECURE_NO_WARNINGS. See online help for details.
  c:\program files (x86)\windows kits\10\include\10.0.10240.0\ucrt\stdlib.h(1096): note: see declaration of '_splitpath'
c:\users\kzorluoglu\clionprojects\knightonline-1068\client source code\launcher\ziparchive\ziparchive.cpp(616): warning C4996: '_splitpath': This function or variable may be unsafe. Consider using _splitpath_s instead. To disable deprecation, use _CRT_SECURE_NO_WARNINGS. See online help for details.
  c:\program files (x86)\windows kits\10\include\10.0.10240.0\ucrt\stdlib.h(1096): note: see declaration of '_splitpath'
c:\users\kzorluoglu\clionprojects\knightonline-1068\client source code\launcher\ziparchive\ziparchive.cpp(906): warning C4244: 'initializing': conversion from 'ULONGLONG' to 'DWORD', possible loss of data
c:\users\kzorluoglu\clionprojects\knightonline-1068\client source code\launcher\ziparchive\ziparchive.cpp(966): warning C4996: '_splitpath': This function or variable may be unsafe. Consider using _splitpath_s instead. To disable deprecation, use _CRT_SECURE_NO_WARNINGS. See online help for details.
  c:\program files (x86)\windows kits\10\include\10.0.10240.0\ucrt\stdlib.h(1096): note: see declaration of '_splitpath'
c:\users\kzorluoglu\clionprojects\knightonline-1068\client source code\launcher\ziparchive\ziparchive.cpp(996): warning C4244: 'initializing': conversion from 'ULONGLONG' to 'DWORD', possible loss of data
  ZipAutoBuffer.cpp
  ZipBigFile.cpp
  ZipCentralDir.cpp
c:\users\kzorluoglu\clionprojects\knightonline-1068\client source code\launcher\ziparchive\zipcentraldir.cpp(138): warning C4244: 'initializing': conversion from 'ULONGLONG' to 'DWORD', possible loss of data
c:\users\kzorluoglu\clionprojects\knightonline-1068\client source code\launcher\ziparchive\zipcentraldir.cpp(518): warning C4244: '=': conversion from 'ULONGLONG' to 'DWORD', possible loss of data
  ZipException.cpp
  ZipFileHeader.cpp
  ZipInternalInfo.cpp
  ZipStorage.cpp
c:\users\kzorluoglu\clionprojects\knightonline-1068\client source code\launcher\ziparchive\zipstorage.cpp(421): warning C4244: 'return': conversion from 'ULONGLONG' to 'DWORD', possible loss of data
  Generating Code...
  ZipArchive.vcxproj -> C:\Users\kzorluoglu\CLionProjects\KnightOnline-1068\Client Source Code\Launcher\ZipArchive\.\Static_Release\ZipArchive.lib
