
=== UIE Debug Log Started ===
Time: 2026-01-13 00:48:10
================================

[00:48:10] FILE_LOAD: Opening file: c:\users\kzorluoglu\clionprojects\knightonline-1068\1097 client\ui_ch\co_login_ch.uif
[00:48:10] FILE_LOAD_OK: File opened successfully, size: 4678 bytes
[00:48:10] CN3UIBase::Load - BEGIN
[00:48:10] LOAD_OK: Read child count: 5
[00:48:10] LOAD_OK: Read version: 0
[00:48:10] LOAD_OK: Peeked first child type: 4 (0x4)
[00:48:10] LOAD_OK: Child 1/5 type=4
[00:48:10] LOAD_INFO: Creating CN3UIImage for child 1/5
[00:48:10] LOAD_INFO: CN3UIImage created successfully
[00:48:10] LOAD_INFO: Calling Init on child 1/5 type=4
[00:48:10] LOAD_INFO: Init completed for child 1/5
[00:48:10] CN3UIImage::Load - START
[00:48:10] CN3UIBase::Load - BEGIN
[00:48:10] LOAD_OK: Read child count: 0
[00:48:10] LOAD_OK: Read version: 0
[00:48:10] LOAD_OK: Peeked first child type: 8 (0x8)
[00:48:10] CN3UIBase::Load - END (SUCCESS)
[00:48:10] CN3UIImage::Load - After CN3UIBase::Load
[00:48:10] LOAD_INFO: Texture filename stored (editor mode - not loading): ui_ch\service_logos.dxt
[00:48:10] LOAD_OK: Texture loaded: ui_ch\service_logos.dxt
[00:48:10] LOAD_INFO: Child 1/5 load result=OK
[00:48:10] LOAD_OK: Child 2/5 type=4
[00:48:10] LOAD_INFO: Creating CN3UIImage for child 2/5
[00:48:10] LOAD_INFO: CN3UIImage created successfully
[00:48:10] LOAD_INFO: Calling Init on child 2/5 type=4
[00:48:10] LOAD_INFO: Init completed for child 2/5
[00:48:10] CN3UIImage::Load - START
[00:48:10] CN3UIBase::Load - BEGIN
[00:48:10] LOAD_OK: Read child count: 0
[00:48:10] LOAD_OK: Read version: 0
[00:48:10] LOAD_OK: Peeked first child type: 9 (0x9)
[00:48:10] CN3UIBase::Load - END (SUCCESS)
[00:48:10] CN3UIImage::Load - After CN3UIBase::Load
[00:48:10] LOAD_INFO: Texture filename stored (editor mode - not loading): ui_ch\service_logos.dxt
[00:48:10] LOAD_OK: Texture loaded: ui_ch\service_logos.dxt
[00:48:10] LOAD_INFO: Child 2/5 load result=OK
[00:48:10] LOAD_OK: Child 3/5 type=0
[00:48:10] LOAD_INFO: Calling Init on child 3/5 type=0
[00:48:10] LOAD_INFO: Init completed for child 3/5
[00:48:10] CN3UIBase::Load - BEGIN
[00:48:10] LOAD_OK: Read child count: 5
[00:48:10] LOAD_OK: Read version: 0
[00:48:10] LOAD_OK: Peeked first child type: 4 (0x4)
[00:48:10] LOAD_OK: Child 1/5 type=4
[00:48:10] LOAD_INFO: Creating CN3UIImage for child 1/5
[00:48:10] LOAD_INFO: CN3UIImage created successfully
[00:48:10] LOAD_INFO: Calling Init on child 1/5 type=4
[00:48:10] LOAD_INFO: Init completed for child 1/5
[00:48:10] CN3UIImage::Load - START
[00:48:10] CN3UIBase::Load - BEGIN
[00:48:10] LOAD_OK: Read child count: 0
[00:48:10] LOAD_OK: Read version: 0
[00:48:10] LOAD_OK: Peeked first child type: 13 (0xd)
[00:48:10] CN3UIBase::Load - END (SUCCESS)
[00:48:10] CN3UIImage::Load - After CN3UIBase::Load
[00:48:10] LOAD_INFO: Texture filename stored (editor mode - not loading): ui_ch\ui_login_ch.dxt
[00:48:10] LOAD_OK: Texture loaded: ui_ch\ui_login_ch.dxt
[00:48:10] LOAD_INFO: Child 1/5 load result=OK
[00:48:10] LOAD_OK: Child 2/5 type=4
[00:48:10] LOAD_INFO: Creating CN3UIImage for child 2/5
[00:48:10] LOAD_INFO: CN3UIImage created successfully
[00:48:10] LOAD_INFO: Calling Init on child 2/5 type=4
[00:48:10] LOAD_INFO: Init completed for child 2/5
[00:48:10] CN3UIImage::Load - START
[00:48:10] CN3UIBase::Load - BEGIN
[00:48:10] LOAD_OK: Read child count: 0
[00:48:10] LOAD_OK: Read version: 0
[00:48:10] LOAD_OK: Peeked first child type: 13 (0xd)
[00:48:10] CN3UIBase::Load - END (SUCCESS)
[00:48:10] CN3UIImage::Load - After CN3UIBase::Load
[00:48:10] LOAD_INFO: Texture filename stored (editor mode - not loading): ui_ch\ui_login_ch.dxt
[00:48:10] LOAD_OK: Texture loaded: ui_ch\ui_login_ch.dxt
[00:48:10] LOAD_INFO: Child 2/5 load result=OK
[00:48:10] LOAD_OK: Child 3/5 type=4
[00:48:10] LOAD_INFO: Creating CN3UIImage for child 3/5
[00:48:10] LOAD_INFO: CN3UIImage created successfully
[00:48:10] LOAD_INFO: Calling Init on child 3/5 type=4
[00:48:10] LOAD_INFO: Init completed for child 3/5
[00:48:10] CN3UIImage::Load - START
[00:48:10] CN3UIBase::Load - BEGIN
[00:48:10] LOAD_OK: Read child count: 0
[00:48:10] LOAD_OK: Read version: 0
[00:48:10] LOAD_OK: Peeked first child type: 13 (0xd)
[00:48:10] CN3UIBase::Load - END (SUCCESS)
[00:48:10] CN3UIImage::Load - After CN3UIBase::Load
[00:48:10] LOAD_INFO: Texture filename stored (editor mode - not loading): ui_ch\ui_login_ch.dxt
[00:48:10] LOAD_OK: Texture loaded: ui_ch\ui_login_ch.dxt
[00:48:10] LOAD_INFO: Child 3/5 load result=OK
[00:48:10] LOAD_OK: Child 4/5 type=1
[00:48:10] LOAD_INFO: Calling Init on child 4/5 type=1
[00:48:10] LOAD_INFO: Init completed for child 4/5
[00:48:10] CN3UIBase::Load - BEGIN
[00:48:10] LOAD_OK: Read child count: 4
[00:48:10] LOAD_OK: Read version: 0
[00:48:10] LOAD_OK: Peeked first child type: 4 (0x4)
[00:48:10] LOAD_OK: Child 1/4 type=4
[00:48:10] LOAD_INFO: Creating CN3UIImage for child 1/4
[00:48:10] LOAD_INFO: CN3UIImage created successfully
[00:48:10] LOAD_INFO: Calling Init on child 1/4 type=4
[00:48:10] LOAD_INFO: Init completed for child 1/4
[00:48:10] CN3UIImage::Load - START
[00:48:10] CN3UIBase::Load - BEGIN
[00:48:10] LOAD_OK: Read child count: 0
[00:48:10] LOAD_OK: Read version: 0
[00:48:10] LOAD_OK: Peeked first child type: 0 (0x0)
[00:48:10] CN3UIBase::Load - END (SUCCESS)
[00:48:10] CN3UIImage::Load - After CN3UIBase::Load
[00:48:10] LOAD_INFO: Texture filename stored (editor mode - not loading): ui_ch\ui_login_ch.dxt
[00:48:10] LOAD_OK: Texture loaded: ui_ch\ui_login_ch.dxt
[00:48:10] LOAD_INFO: Child 1/4 load result=OK
[00:48:10] LOAD_OK: Child 2/4 type=4
[00:48:10] LOAD_INFO: Creating CN3UIImage for child 2/4
[00:48:10] LOAD_INFO: CN3UIImage created successfully
[00:48:10] LOAD_INFO: Calling Init on child 2/4 type=4
[00:48:10] LOAD_INFO: Init completed for child 2/4
[00:48:10] CN3UIImage::Load - START
[00:48:10] CN3UIBase::Load - BEGIN
[00:48:10] LOAD_OK: Read child count: 0
[00:48:10] LOAD_OK: Read version: 0
[00:48:10] LOAD_OK: Peeked first child type: 0 (0x0)
[00:48:10] CN3UIBase::Load - END (SUCCESS)
[00:48:10] CN3UIImage::Load - After CN3UIBase::Load
[00:48:10] LOAD_INFO: Texture filename stored (editor mode - not loading): ui_ch\ui_login_ch.dxt
[00:48:10] LOAD_OK: Texture loaded: ui_ch\ui_login_ch.dxt
[00:48:10] LOAD_INFO: Child 2/4 load result=OK
[00:48:10] LOAD_OK: Child 3/4 type=4
[00:48:10] LOAD_INFO: Creating CN3UIImage for child 3/4
[00:48:10] LOAD_INFO: CN3UIImage created successfully
[00:48:10] LOAD_INFO: Calling Init on child 3/4 type=4
[00:48:10] LOAD_INFO: Init completed for child 3/4
[00:48:10] CN3UIImage::Load - START
[00:48:10] CN3UIBase::Load - BEGIN
[00:48:10] LOAD_OK: Read child count: 0
[00:48:10] LOAD_OK: Read version: 0
[00:48:10] LOAD_OK: Peeked first child type: 0 (0x0)
[00:48:10] CN3UIBase::Load - END (SUCCESS)
[00:48:10] CN3UIImage::Load - After CN3UIBase::Load
[00:48:10] LOAD_INFO: Texture filename stored (editor mode - not loading): ui_ch\ui_login_ch.dxt
[00:48:10] LOAD_OK: Texture loaded: ui_ch\ui_login_ch.dxt
[00:48:10] LOAD_INFO: Child 3/4 load result=OK
[00:48:10] LOAD_OK: Child 4/4 type=4
[00:48:10] LOAD_INFO: Creating CN3UIImage for child 4/4
[00:48:10] LOAD_INFO: CN3UIImage created successfully
[00:48:10] LOAD_INFO: Calling Init on child 4/4 type=4
[00:48:10] LOAD_INFO: Init completed for child 4/4
[00:48:10] CN3UIImage::Load - START
[00:48:10] CN3UIBase::Load - BEGIN
[00:48:10] LOAD_OK: Read child count: 0
[00:48:10] LOAD_OK: Read version: 0
[00:48:10] LOAD_OK: Peeked first child type: 0 (0x0)
[00:48:10] CN3UIBase::Load - END (SUCCESS)
[00:48:10] CN3UIImage::Load - After CN3UIBase::Load
[00:48:10] LOAD_INFO: Texture filename stored (editor mode - not loading): ui_ch\ui_login_ch.dxt
[00:48:10] LOAD_OK: Texture loaded: ui_ch\ui_login_ch.dxt
[00:48:10] LOAD_INFO: Child 4/4 load result=OK
[00:48:10] CN3UIBase::Load - END (SUCCESS)
[00:48:10] LOAD_INFO: Child 4/5 load result=OK
[00:48:10] LOAD_OK: Child 5/5 type=14
[00:48:10] LOAD_INFO: Calling Init on child 5/5 type=14
[00:48:10] LOAD_INFO: Init completed for child 5/5
[00:48:10] CN3UIBase::Load - BEGIN
[00:48:10] LOAD_OK: Read child count: 0
[00:48:10] LOAD_OK: Read version: 0
[00:48:10] LOAD_OK: Peeked first child type: 11 (0xb)
[00:48:10] CN3UIBase::Load - END (SUCCESS)
[00:48:10] LOAD_INFO: Child 5/5 load result=OK
[00:48:10] CN3UIBase::Load - END (SUCCESS)
[00:48:10] LOAD_INFO: Child 3/5 load result=OK
[00:48:10] LOAD_OK: Child 4/5 type=0
[00:48:10] LOAD_INFO: Calling Init on child 4/5 type=0
[00:48:10] LOAD_INFO: Init completed for child 4/5
[00:48:10] CN3UIBase::Load - BEGIN
[00:48:10] LOAD_OK: Read child count: 8
[00:48:10] LOAD_OK: Read version: 0
[00:48:10] LOAD_OK: Peeked first child type: 4 (0x4)
[00:48:10] LOAD_OK: Child 1/8 type=4
[00:48:10] LOAD_INFO: Creating CN3UIImage for child 1/8
[00:48:10] LOAD_INFO: CN3UIImage created successfully
[00:48:10] LOAD_INFO: Calling Init on child 1/8 type=4
[00:48:10] LOAD_INFO: Init completed for child 1/8
[00:48:10] CN3UIImage::Load - START
[00:48:10] CN3UIBase::Load - BEGIN
[00:48:10] LOAD_OK: Read child count: 0
[00:48:10] LOAD_OK: Read version: 0
[00:48:10] LOAD_OK: Peeked first child type: 7 (0x7)
[00:48:10] CN3UIBase::Load - END (SUCCESS)
[00:48:10] CN3UIImage::Load - After CN3UIBase::Load
[00:48:10] LOAD_INFO: Texture filename stored (editor mode - not loading): ui_ch\ui_login_ch.dxt
[00:48:10] LOAD_OK: Texture loaded: ui_ch\ui_login_ch.dxt
[00:48:10] LOAD_INFO: Child 1/8 load result=OK
[00:48:10] LOAD_OK: Child 2/8 type=4
[00:48:10] LOAD_INFO: Creating CN3UIImage for child 2/8
[00:48:10] LOAD_INFO: CN3UIImage created successfully
[00:48:10] LOAD_INFO: Calling Init on child 2/8 type=4
[00:48:10] LOAD_INFO: Init completed for child 2/8
[00:48:10] CN3UIImage::Load - START
[00:48:10] CN3UIBase::Load - BEGIN
[00:48:10] LOAD_OK: Read child count: 0
[00:48:10] LOAD_OK: Read version: 0
[00:48:10] LOAD_OK: Peeked first child type: 7 (0x7)
[00:48:10] CN3UIBase::Load - END (SUCCESS)
[00:48:10] CN3UIImage::Load - After CN3UIBase::Load
[00:48:10] LOAD_INFO: Texture filename stored (editor mode - not loading): ui_ch\ui_login_ch.dxt
[00:48:10] LOAD_OK: Texture loaded: ui_ch\ui_login_ch.dxt
[00:48:10] LOAD_INFO: Child 2/8 load result=OK
[00:48:10] LOAD_OK: Child 3/8 type=8
[00:48:10] LOAD_INFO: Calling Init on child 3/8 type=8
[00:48:10] LOAD_INFO: Init completed for child 3/8
[00:48:10] CN3UIBase::Load - BEGIN
[00:48:10] LOAD_OK: Read child count: 2
[00:48:10] LOAD_OK: Read version: 0
[00:48:10] LOAD_OK: Peeked first child type: 4 (0x4)
[00:48:10] LOAD_OK: Child 1/2 type=4
[00:48:10] LOAD_INFO: Creating CN3UIImage for child 1/2
[00:48:10] LOAD_INFO: CN3UIImage created successfully
[00:48:10] LOAD_INFO: Calling Init on child 1/2 type=4
[00:48:10] LOAD_INFO: Init completed for child 1/2
[00:48:10] CN3UIImage::Load - START
[00:48:10] CN3UIBase::Load - BEGIN
[00:48:10] LOAD_OK: Read child count: 0
[00:48:10] LOAD_OK: Read version: 0
[00:48:10] LOAD_OK: Peeked first child type: 0 (0x0)
[00:48:10] CN3UIBase::Load - END (SUCCESS)
[00:48:10] CN3UIImage::Load - After CN3UIBase::Load
[00:48:10] LOAD_INFO: Child 1/2 load result=OK
[00:48:10] LOAD_OK: Child 2/2 type=6
[00:48:10] LOAD_INFO: Calling Init on child 2/2 type=6
[00:48:10] LOAD_INFO: Init completed for child 2/2
[00:48:10] CN3UIBase::Load - BEGIN
[00:48:10] LOAD_OK: Read child count: 0
[00:48:10] LOAD_OK: Read version: 0
[00:48:10] LOAD_OK: Peeked first child type: 0 (0x0)
[00:48:10] CN3UIBase::Load - END (SUCCESS)
[00:48:10] LOAD_INFO: Child 2/2 load result=OK
[00:48:10] CN3UIBase::Load - END (SUCCESS)
[00:48:10] LOAD_INFO: Child 3/8 load result=OK
[00:48:10] LOAD_OK: Child 4/8 type=8
[00:48:10] LOAD_INFO: Calling Init on child 4/8 type=8
[00:48:10] LOAD_INFO: Init completed for child 4/8
[00:48:10] CN3UIBase::Load - BEGIN
[00:48:10] LOAD_OK: Read child count: 2
[00:48:10] LOAD_OK: Read version: 0
[00:48:10] LOAD_OK: Peeked first child type: 4 (0x4)
[00:48:10] LOAD_OK: Child 1/2 type=4
[00:48:10] LOAD_INFO: Creating CN3UIImage for child 1/2
[00:48:10] LOAD_INFO: CN3UIImage created successfully
[00:48:10] LOAD_INFO: Calling Init on child 1/2 type=4
[00:48:10] LOAD_INFO: Init completed for child 1/2
[00:48:10] CN3UIImage::Load - START
[00:48:10] CN3UIBase::Load - BEGIN
[00:48:10] LOAD_OK: Read child count: 0
[00:48:10] LOAD_OK: Read version: 0
[00:48:10] LOAD_OK: Peeked first child type: 0 (0x0)
[00:48:10] CN3UIBase::Load - END (SUCCESS)
[00:48:10] CN3UIImage::Load - After CN3UIBase::Load
[00:48:10] LOAD_INFO: Child 1/2 load result=OK
[00:48:10] LOAD_OK: Child 2/2 type=6
[00:48:10] LOAD_INFO: Calling Init on child 2/2 type=6
[00:48:10] LOAD_INFO: Init completed for child 2/2
[00:48:10] CN3UIBase::Load - BEGIN
[00:48:10] LOAD_OK: Read child count: 0
[00:48:10] LOAD_OK: Read version: 0
[00:48:10] LOAD_OK: Peeked first child type: 0 (0x0)
[00:48:10] CN3UIBase::Load - END (SUCCESS)
[00:48:10] LOAD_INFO: Child 2/2 load result=OK
[00:48:10] CN3UIBase::Load - END (SUCCESS)
[00:48:10] LOAD_INFO: Child 4/8 load result=OK
[00:48:10] LOAD_OK: Child 5/8 type=1
[00:48:10] LOAD_INFO: Calling Init on child 5/8 type=1
[00:48:10] LOAD_INFO: Init completed for child 5/8
[00:48:10] CN3UIBase::Load - BEGIN
[00:48:10] LOAD_OK: Read child count: 4
[00:48:10] LOAD_OK: Read version: 0
[00:48:10] LOAD_OK: Peeked first child type: 4 (0x4)
[00:48:10] LOAD_OK: Child 1/4 type=4
[00:48:10] LOAD_INFO: Creating CN3UIImage for child 1/4
[00:48:10] LOAD_INFO: CN3UIImage created successfully
[00:48:10] LOAD_INFO: Calling Init on child 1/4 type=4
[00:48:10] LOAD_INFO: Init completed for child 1/4
[00:48:10] CN3UIImage::Load - START
[00:48:10] CN3UIBase::Load - BEGIN
[00:48:10] LOAD_OK: Read child count: 0
[00:48:10] LOAD_OK: Read version: 0
[00:48:10] LOAD_OK: Peeked first child type: 0 (0x0)
[00:48:10] CN3UIBase::Load - END (SUCCESS)
[00:48:10] CN3UIImage::Load - After CN3UIBase::Load
[00:48:10] LOAD_INFO: Texture filename stored (editor mode - not loading): ui_ch\ui_login_ch.dxt
[00:48:10] LOAD_OK: Texture loaded: ui_ch\ui_login_ch.dxt
[00:48:10] LOAD_INFO: Child 1/4 load result=OK
[00:48:10] LOAD_OK: Child 2/4 type=4
[00:48:10] LOAD_INFO: Creating CN3UIImage for child 2/4
[00:48:10] LOAD_INFO: CN3UIImage created successfully
[00:48:10] LOAD_INFO: Calling Init on child 2/4 type=4
[00:48:10] LOAD_INFO: Init completed for child 2/4
[00:48:10] CN3UIImage::Load - START
[00:48:10] CN3UIBase::Load - BEGIN
[00:48:10] LOAD_OK: Read child count: 0
[00:48:10] LOAD_OK: Read version: 0
[00:48:10] LOAD_OK: Peeked first child type: 0 (0x0)
[00:48:10] CN3UIBase::Load - END (SUCCESS)
[00:48:10] CN3UIImage::Load - After CN3UIBase::Load
[00:48:10] LOAD_INFO: Texture filename stored (editor mode - not loading): ui_ch\ui_login_ch.dxt
[00:48:10] LOAD_OK: Texture loaded: ui_ch\ui_login_ch.dxt
[00:48:10] LOAD_INFO: Child 2/4 load result=OK
[00:48:10] LOAD_OK: Child 3/4 type=4
[00:48:10] LOAD_INFO: Creating CN3UIImage for child 3/4
[00:48:10] LOAD_INFO: CN3UIImage created successfully
[00:48:10] LOAD_INFO: Calling Init on child 3/4 type=4
[00:48:10] LOAD_INFO: Init completed for child 3/4
[00:48:10] CN3UIImage::Load - START
[00:48:10] CN3UIBase::Load - BEGIN
[00:48:10] LOAD_OK: Read child count: 0
[00:48:10] LOAD_OK: Read version: 0
[00:48:10] LOAD_OK: Peeked first child type: 0 (0x0)
[00:48:10] CN3UIBase::Load - END (SUCCESS)
[00:48:10] CN3UIImage::Load - After CN3UIBase::Load
[00:48:10] LOAD_INFO: Texture filename stored (editor mode - not loading): ui_ch\ui_login_ch.dxt
[00:48:10] LOAD_OK: Texture loaded: ui_ch\ui_login_ch.dxt
[00:48:10] LOAD_INFO: Child 3/4 load result=OK
[00:48:10] LOAD_OK: Child 4/4 type=4
[00:48:10] LOAD_INFO: Creating CN3UIImage for child 4/4
[00:48:10] LOAD_INFO: CN3UIImage created successfully
[00:48:10] LOAD_INFO: Calling Init on child 4/4 type=4
[00:48:10] LOAD_INFO: Init completed for child 4/4
[00:48:10] CN3UIImage::Load - START
[00:48:10] CN3UIBase::Load - BEGIN
[00:48:10] LOAD_OK: Read child count: 0
[00:48:10] LOAD_OK: Read version: 0
[00:48:10] LOAD_OK: Peeked first child type: 0 (0x0)
[00:48:10] CN3UIBase::Load - END (SUCCESS)
[00:48:10] CN3UIImage::Load - After CN3UIBase::Load
[00:48:10] LOAD_INFO: Texture filename stored (editor mode - not loading): ui_ch\ui_login_ch.dxt
[00:48:10] LOAD_OK: Texture loaded: ui_ch\ui_login_ch.dxt
[00:48:10] LOAD_INFO: Child 4/4 load result=OK
[00:48:10] CN3UIBase::Load - END (SUCCESS)
[00:48:10] LOAD_INFO: Child 5/8 load result=OK
[00:48:10] LOAD_OK: Child 6/8 type=1
[00:48:10] LOAD_INFO: Calling Init on child 6/8 type=1
[00:48:10] LOAD_INFO: Init completed for child 6/8
[00:48:10] CN3UIBase::Load - BEGIN
[00:48:10] LOAD_OK: Read child count: 4
[00:48:10] LOAD_OK: Read version: 0
[00:48:10] LOAD_OK: Peeked first child type: 4 (0x4)
[00:48:10] LOAD_OK: Child 1/4 type=4
[00:48:10] LOAD_INFO: Creating CN3UIImage for child 1/4
[00:48:10] LOAD_INFO: CN3UIImage created successfully
[00:48:10] LOAD_INFO: Calling Init on child 1/4 type=4
[00:48:10] LOAD_INFO: Init completed for child 1/4
[00:48:10] CN3UIImage::Load - START
[00:48:10] CN3UIBase::Load - BEGIN
[00:48:10] LOAD_OK: Read child count: 0
[00:48:10] LOAD_OK: Read version: 0
[00:48:10] LOAD_OK: Peeked first child type: 0 (0x0)
[00:48:10] CN3UIBase::Load - END (SUCCESS)
[00:48:10] CN3UIImage::Load - After CN3UIBase::Load
[00:48:10] LOAD_INFO: Texture filename stored (editor mode - not loading): ui_ch\ui_login_ch.dxt
[00:48:10] LOAD_OK: Texture loaded: ui_ch\ui_login_ch.dxt
[00:48:10] LOAD_INFO: Child 1/4 load result=OK
[00:48:10] LOAD_OK: Child 2/4 type=4
[00:48:10] LOAD_INFO: Creating CN3UIImage for child 2/4
[00:48:10] LOAD_INFO: CN3UIImage created successfully
[00:48:10] LOAD_INFO: Calling Init on child 2/4 type=4
[00:48:10] LOAD_INFO: Init completed for child 2/4
[00:48:10] CN3UIImage::Load - START
[00:48:10] CN3UIBase::Load - BEGIN
[00:48:10] LOAD_OK: Read child count: 0
[00:48:10] LOAD_OK: Read version: 0
[00:48:10] LOAD_OK: Peeked first child type: 0 (0x0)
[00:48:10] CN3UIBase::Load - END (SUCCESS)
[00:48:10] CN3UIImage::Load - After CN3UIBase::Load
[00:48:10] LOAD_INFO: Texture filename stored (editor mode - not loading): ui_ch\ui_login_ch.dxt
[00:48:10] LOAD_OK: Texture loaded: ui_ch\ui_login_ch.dxt
[00:48:10] LOAD_INFO: Child 2/4 load result=OK
[00:48:10] LOAD_OK: Child 3/4 type=4
[00:48:10] LOAD_INFO: Creating CN3UIImage for child 3/4
[00:48:10] LOAD_INFO: CN3UIImage created successfully
[00:48:10] LOAD_INFO: Calling Init on child 3/4 type=4
[00:48:10] LOAD_INFO: Init completed for child 3/4
[00:48:10] CN3UIImage::Load - START
[00:48:10] CN3UIBase::Load - BEGIN
[00:48:10] LOAD_OK: Read child count: 0
[00:48:10] LOAD_OK: Read version: 0
[00:48:10] LOAD_OK: Peeked first child type: 0 (0x0)
[00:48:10] CN3UIBase::Load - END (SUCCESS)
[00:48:10] CN3UIImage::Load - After CN3UIBase::Load
[00:48:10] LOAD_INFO: Texture filename stored (editor mode - not loading): ui_ch\ui_login_ch.dxt
[00:48:10] LOAD_OK: Texture loaded: ui_ch\ui_login_ch.dxt
[00:48:10] LOAD_INFO: Child 3/4 load result=OK
[00:48:10] LOAD_OK: Child 4/4 type=4
[00:48:10] LOAD_INFO: Creating CN3UIImage for child 4/4
[00:48:10] LOAD_INFO: CN3UIImage created successfully
[00:48:10] LOAD_INFO: Calling Init on child 4/4 type=4
[00:48:10] LOAD_INFO: Init completed for child 4/4
[00:48:10] CN3UIImage::Load - START
[00:48:10] CN3UIBase::Load - BEGIN
[00:48:10] LOAD_OK: Read child count: 0
[00:48:10] LOAD_OK: Read version: 0
[00:48:10] LOAD_OK: Peeked first child type: 0 (0x0)
[00:48:10] CN3UIBase::Load - END (SUCCESS)
[00:48:10] CN3UIImage::Load - After CN3UIBase::Load
[00:48:10] LOAD_INFO: Texture filename stored (editor mode - not loading): ui_ch\ui_login_ch.dxt
[00:48:10] LOAD_OK: Texture loaded: ui_ch\ui_login_ch.dxt
[00:48:10] LOAD_INFO: Child 4/4 load result=OK
[00:48:10] CN3UIBase::Load - END (SUCCESS)
[00:48:10] LOAD_INFO: Child 6/8 load result=OK
[00:48:10] LOAD_OK: Child 7/8 type=1
[00:48:10] LOAD_INFO: Calling Init on child 7/8 type=1
[00:48:10] LOAD_INFO: Init completed for child 7/8
[00:48:10] CN3UIBase::Load - BEGIN
[00:48:10] LOAD_OK: Read child count: 4
[00:48:10] LOAD_OK: Read version: 0
[00:48:10] LOAD_OK: Peeked first child type: 4 (0x4)
[00:48:10] LOAD_OK: Child 1/4 type=4
[00:48:10] LOAD_INFO: Creating CN3UIImage for child 1/4
[00:48:10] LOAD_INFO: CN3UIImage created successfully
[00:48:10] LOAD_INFO: Calling Init on child 1/4 type=4
[00:48:10] LOAD_INFO: Init completed for child 1/4
[00:48:10] CN3UIImage::Load - START
[00:48:10] CN3UIBase::Load - BEGIN
[00:48:10] LOAD_OK: Read child count: 0
[00:48:10] LOAD_OK: Read version: 0
[00:48:10] LOAD_OK: Peeked first child type: 0 (0x0)
[00:48:10] CN3UIBase::Load - END (SUCCESS)
[00:48:10] CN3UIImage::Load - After CN3UIBase::Load
[00:48:10] LOAD_INFO: Texture filename stored (editor mode - not loading): ui_ch\ui_login_ch.dxt
[00:48:10] LOAD_OK: Texture loaded: ui_ch\ui_login_ch.dxt
[00:48:10] LOAD_INFO: Child 1/4 load result=OK
[00:48:10] LOAD_OK: Child 2/4 type=4
[00:48:10] LOAD_INFO: Creating CN3UIImage for child 2/4
[00:48:10] LOAD_INFO: CN3UIImage created successfully
[00:48:10] LOAD_INFO: Calling Init on child 2/4 type=4
[00:48:10] LOAD_INFO: Init completed for child 2/4
[00:48:10] CN3UIImage::Load - START
[00:48:10] CN3UIBase::Load - BEGIN
[00:48:10] LOAD_OK: Read child count: 0
[00:48:10] LOAD_OK: Read version: 0
[00:48:10] LOAD_OK: Peeked first child type: 0 (0x0)
[00:48:10] CN3UIBase::Load - END (SUCCESS)
[00:48:10] CN3UIImage::Load - After CN3UIBase::Load
[00:48:10] LOAD_INFO: Texture filename stored (editor mode - not loading): ui_ch\ui_login_ch.dxt
[00:48:10] LOAD_OK: Texture loaded: ui_ch\ui_login_ch.dxt
[00:48:10] LOAD_INFO: Child 2/4 load result=OK
[00:48:10] LOAD_OK: Child 3/4 type=4
[00:48:10] LOAD_INFO: Creating CN3UIImage for child 3/4
[00:48:10] LOAD_INFO: CN3UIImage created successfully
[00:48:10] LOAD_INFO: Calling Init on child 3/4 type=4
[00:48:10] LOAD_INFO: Init completed for child 3/4
[00:48:10] CN3UIImage::Load - START
[00:48:10] CN3UIBase::Load - BEGIN
[00:48:10] LOAD_OK: Read child count: 0
[00:48:10] LOAD_OK: Read version: 0
[00:48:10] LOAD_OK: Peeked first child type: 0 (0x0)
[00:48:10] CN3UIBase::Load - END (SUCCESS)
[00:48:10] CN3UIImage::Load - After CN3UIBase::Load
[00:48:10] LOAD_INFO: Texture filename stored (editor mode - not loading): ui_ch\ui_login_ch.dxt
[00:48:10] LOAD_OK: Texture loaded: ui_ch\ui_login_ch.dxt
[00:48:10] LOAD_INFO: Child 3/4 load result=OK
[00:48:10] LOAD_OK: Child 4/4 type=4
[00:48:10] LOAD_INFO: Creating CN3UIImage for child 4/4
[00:48:10] LOAD_INFO: CN3UIImage created successfully
[00:48:10] LOAD_INFO: Calling Init on child 4/4 type=4
[00:48:10] LOAD_INFO: Init completed for child 4/4
[00:48:10] CN3UIImage::Load - START
[00:48:10] CN3UIBase::Load - BEGIN
[00:48:10] LOAD_OK: Read child count: 0
[00:48:10] LOAD_OK: Read version: 0
[00:48:10] LOAD_OK: Peeked first child type: 0 (0x0)
[00:48:10] CN3UIBase::Load - END (SUCCESS)
[00:48:10] CN3UIImage::Load - After CN3UIBase::Load
[00:48:10] LOAD_INFO: Texture filename stored (editor mode - not loading): ui_ch\ui_login_ch.dxt
[00:48:10] LOAD_OK: Texture loaded: ui_ch\ui_login_ch.dxt
[00:48:10] LOAD_INFO: Child 4/4 load result=OK
[00:48:10] CN3UIBase::Load - END (SUCCESS)
[00:48:10] LOAD_INFO: Child 7/8 load result=OK
[00:48:10] LOAD_OK: Child 8/8 type=1
[00:48:10] LOAD_INFO: Calling Init on child 8/8 type=1
[00:48:10] LOAD_INFO: Init completed for child 8/8
[00:48:10] CN3UIBase::Load - BEGIN
[00:48:10] LOAD_OK: Read child count: 4
[00:48:10] LOAD_OK: Read version: 0
[00:48:10] LOAD_OK: Peeked first child type: 4 (0x4)
[00:48:10] LOAD_OK: Child 1/4 type=4
[00:48:10] LOAD_INFO: Creating CN3UIImage for child 1/4
[00:48:10] LOAD_INFO: CN3UIImage created successfully
[00:48:10] LOAD_INFO: Calling Init on child 1/4 type=4
[00:48:10] LOAD_INFO: Init completed for child 1/4
[00:48:10] CN3UIImage::Load - START
[00:48:10] CN3UIBase::Load - BEGIN
[00:48:10] LOAD_OK: Read child count: 0
[00:48:10] LOAD_OK: Read version: 0
[00:48:10] LOAD_OK: Peeked first child type: 0 (0x0)
[00:48:10] CN3UIBase::Load - END (SUCCESS)
[00:48:10] CN3UIImage::Load - After CN3UIBase::Load
[00:48:10] LOAD_INFO: Texture filename stored (editor mode - not loading): ui_ch\ui_login_ch.dxt
[00:48:10] LOAD_OK: Texture loaded: ui_ch\ui_login_ch.dxt
[00:48:10] LOAD_INFO: Child 1/4 load result=OK
[00:48:10] LOAD_OK: Child 2/4 type=4
[00:48:10] LOAD_INFO: Creating CN3UIImage for child 2/4
[00:48:10] LOAD_INFO: CN3UIImage created successfully
[00:48:10] LOAD_INFO: Calling Init on child 2/4 type=4
[00:48:10] LOAD_INFO: Init completed for child 2/4
[00:48:10] CN3UIImage::Load - START
[00:48:10] CN3UIBase::Load - BEGIN
[00:48:10] LOAD_OK: Read child count: 0
[00:48:10] LOAD_OK: Read version: 0
[00:48:10] LOAD_OK: Peeked first child type: 0 (0x0)
[00:48:10] CN3UIBase::Load - END (SUCCESS)
[00:48:10] CN3UIImage::Load - After CN3UIBase::Load
[00:48:10] LOAD_INFO: Texture filename stored (editor mode - not loading): ui_ch\ui_login_ch.dxt
[00:48:10] LOAD_OK: Texture loaded: ui_ch\ui_login_ch.dxt
[00:48:10] LOAD_INFO: Child 2/4 load result=OK
[00:48:10] LOAD_OK: Child 3/4 type=4
[00:48:10] LOAD_INFO: Creating CN3UIImage for child 3/4
[00:48:10] LOAD_INFO: CN3UIImage created successfully
[00:48:10] LOAD_INFO: Calling Init on child 3/4 type=4
[00:48:10] LOAD_INFO: Init completed for child 3/4
[00:48:10] CN3UIImage::Load - START
[00:48:10] CN3UIBase::Load - BEGIN
[00:48:10] LOAD_OK: Read child count: 0
[00:48:10] LOAD_OK: Read version: 0
[00:48:10] LOAD_OK: Peeked first child type: 0 (0x0)
[00:48:10] CN3UIBase::Load - END (SUCCESS)
[00:48:10] CN3UIImage::Load - After CN3UIBase::Load
[00:48:10] LOAD_INFO: Texture filename stored (editor mode - not loading): ui_ch\ui_login_ch.dxt
[00:48:10] LOAD_OK: Texture loaded: ui_ch\ui_login_ch.dxt
[00:48:10] LOAD_INFO: Child 3/4 load result=OK
[00:48:10] LOAD_OK: Child 4/4 type=4
[00:48:10] LOAD_INFO: Creating CN3UIImage for child 4/4
[00:48:10] LOAD_INFO: CN3UIImage created successfully
[00:48:10] LOAD_INFO: Calling Init on child 4/4 type=4
[00:48:10] LOAD_INFO: Init completed for child 4/4
[00:48:10] CN3UIImage::Load - START
[00:48:10] CN3UIBase::Load - BEGIN
[00:48:10] LOAD_OK: Read child count: 0
[00:48:10] LOAD_OK: Read version: 0
[00:48:10] LOAD_OK: Peeked first child type: 0 (0x0)
[00:48:10] CN3UIBase::Load - END (SUCCESS)
[00:48:10] CN3UIImage::Load - After CN3UIBase::Load
[00:48:10] LOAD_INFO: Texture filename stored (editor mode - not loading): ui_ch\ui_login_ch.dxt
[00:48:10] LOAD_OK: Texture loaded: ui_ch\ui_login_ch.dxt
[00:48:10] LOAD_INFO: Child 4/4 load result=OK
[00:48:10] CN3UIBase::Load - END (SUCCESS)
[00:48:10] LOAD_INFO: Child 8/8 load result=OK
[00:48:10] CN3UIBase::Load - END (SUCCESS)
[00:48:10] LOAD_INFO: Child 4/5 load result=OK
[00:48:10] LOAD_OK: Child 5/5 type=6
[00:48:10] LOAD_INFO: Calling Init on child 5/5 type=6
[00:48:10] LOAD_INFO: Init completed for child 5/5
[00:48:10] CN3UIBase::Load - BEGIN
[00:48:10] LOAD_OK: Read child count: 0
[00:48:10] LOAD_OK: Read version: 0
[00:48:10] LOAD_OK: Peeked first child type: 11 (0xb)
[00:48:10] CN3UIBase::Load - END (SUCCESS)
[00:48:10] LOAD_INFO: Child 5/5 load result=OK
[00:48:10] CN3UIBase::Load - END (SUCCESS)
[00:48:55] LOAD_INFO: Texture filename stored (editor mode - not loading): ui_ch\ui_login_ch.dxt
