  StdAfx.cpp
  _WIN32_WINNT not defined. Defaulting to _WIN32_WINNT_MAXVER (see WinSDKVer.h)
  APISocket.cpp
  BackgroundUtil.cpp
  BB_CircularBuffer.cpp
  Launcher.cpp
c:\users\kzorluoglu\clionprojects\knightonline-1068\client code\launcher\launcher\launcher.cpp(60): warning C4996: 'CWinApp::Enable3dControlsStatic': CWinApp::Enable3dControlsStatic is no longer needed. You should remove this call.
  c:\program files (x86)\microsoft visual studio\2017\community\vc\tools\msvc\14.16.27023\atlmfc\include\afxwin2.inl(1077): note: see declaration of 'CWinApp::Enable3dControlsStatic'
  LauncherDlg.cpp
c:\users\kzorluoglu\clionprojects\knightonline-1068\client code\launcher\launcher\launcherdlg.cpp(77): warning C4996: 'strcat': This function or variable may be unsafe. Consider using strcat_s instead. To disable deprecation, use _CRT_SECURE_NO_WARNINGS. See online help for details.
  c:\program files (x86)\windows kits\10\include\10.0.10240.0\ucrt\string.h(86): note: see declaration of 'strcat'
c:\users\kzorluoglu\clionprojects\knightonline-1068\client code\launcher\launcher\launcherdlg.cpp(117): warning C4996: 'sprintf': This function or variable may be unsafe. Consider using sprintf_s instead. To disable deprecation, use _CRT_SECURE_NO_WARNINGS. See online help for details.
  c:\program files (x86)\windows kits\10\include\10.0.10240.0\ucrt\stdio.h(1769): note: see declaration of 'sprintf'
c:\users\kzorluoglu\clionprojects\knightonline-1068\client code\launcher\launcher\launcherdlg.cpp(147): warning C4996: 'sprintf': This function or variable may be unsafe. Consider using sprintf_s instead. To disable deprecation, use _CRT_SECURE_NO_WARNINGS. See online help for details.
  c:\program files (x86)\windows kits\10\include\10.0.10240.0\ucrt\stdio.h(1769): note: see declaration of 'sprintf'
c:\users\kzorluoglu\clionprojects\knightonline-1068\client code\launcher\launcher\launcherdlg.cpp(174): warning C4996: '_splitpath': This function or variable may be unsafe. Consider using _splitpath_s instead. To disable deprecation, use _CRT_SECURE_NO_WARNINGS. See online help for details.
  c:\program files (x86)\windows kits\10\include\10.0.10240.0\ucrt\stdlib.h(1096): note: see declaration of '_splitpath'
c:\users\kzorluoglu\clionprojects\knightonline-1068\client code\launcher\launcher\launcherdlg.cpp(175): warning C4996: 'strcpy': This function or variable may be unsafe. Consider using strcpy_s instead. To disable deprecation, use _CRT_SECURE_NO_WARNINGS. See online help for details.
  c:\program files (x86)\windows kits\10\include\10.0.10240.0\ucrt\string.h(119): note: see declaration of 'strcpy'
c:\users\kzorluoglu\clionprojects\knightonline-1068\client code\launcher\launcher\launcherdlg.cpp(176): warning C4996: 'strcat': This function or variable may be unsafe. Consider using strcat_s instead. To disable deprecation, use _CRT_SECURE_NO_WARNINGS. See online help for details.
  c:\program files (x86)\windows kits\10\include\10.0.10240.0\ucrt\string.h(86): note: see declaration of 'strcat'
c:\users\kzorluoglu\clionprojects\knightonline-1068\client code\launcher\launcher\launcherdlg.cpp(244): warning C4996: 'sscanf': This function or variable may be unsafe. Consider using sscanf_s instead. To disable deprecation, use _CRT_SECURE_NO_WARNINGS. See online help for details.
  c:\program files (x86)\windows kits\10\include\10.0.10240.0\ucrt\stdio.h(2254): note: see declaration of 'sscanf'
c:\users\kzorluoglu\clionprojects\knightonline-1068\client code\launcher\launcher\launcherdlg.cpp(457): warning C4996: 'fopen': This function or variable may be unsafe. Consider using fopen_s instead. To disable deprecation, use _CRT_SECURE_NO_WARNINGS. See online help for details.
  c:\program files (x86)\windows kits\10\include\10.0.10240.0\ucrt\stdio.h(205): note: see declaration of 'fopen'
  MacProgressCtrl.cpp
  Generating Code...
C:\Program Files (x86)\Microsoft Visual Studio\2017\Community\Common7\IDE\VC\VCTargets\Microsoft.CppBuild.targets(1216,5): warning MSB8012: TargetPath(C:\Users\kzorluoglu\CLionProjects\KnightOnline-1068\Client Code\Launcher\Launcher\.\Release\Launcher.exe) does not match the Linker's OutputFile property value (C:\Users\kzorluoglu\CLionProjects\KnightOnline-1068\Client Code\Launcher\Launcher\Launcher.exe). This may cause your project to build incorrectly. To correct this, please make sure that $(OutDir), $(TargetName) and $(TargetExt) property values match the value specified in %(Link.OutputFile).
ZipArchive.lib(zutil.obj) : warning LNK4217: locally defined symbol _calloc imported in function _zcalloc
ZipArchive.lib(zutil.obj) : warning LNK4217: locally defined symbol _free imported in function _zcfree
  Launcher.vcxproj -> C:\Users\kzorluoglu\CLionProjects\KnightOnline-1068\Client Code\Launcher\Launcher\.\Release\Launcher.exe
